[2020-07-04T23:32:33.721] [DEBUG] cheese - login => username:zs,password:123456
[2020-07-04T23:32:33.723] [DEBUG] cheese - zs
[2020-07-04T23:32:33.796] [DEBUG] cheese - null
[2020-07-04T23:32:33.796] [DEBUG] cheese - null
[2020-07-04T23:33:18.304] [DEBUG] cheese - login => username:admin,password:123456
[2020-07-04T23:33:18.304] [DEBUG] cheese - admin
[2020-07-04T23:33:18.333] [DEBUG] cheese - null
[2020-07-04T23:33:18.333] [DEBUG] cheese - null
[2020-07-05T09:39:44.005] [DEBUG] cheese - login => username:admin,password:123456
[2020-07-05T09:39:44.006] [DEBUG] cheese - admin
[2020-07-05T09:39:44.065] [DEBUG] cheese - null
[2020-07-05T09:39:44.065] [DEBUG] cheese - null
[2020-07-05T21:16:16.781] [DEBUG] cheese - login => username:admin,password:123456
[2020-07-05T21:16:16.782] [DEBUG] cheese - admin
[2020-07-05T21:16:17.538] [DEBUG] cheese - null
[2020-07-05T21:16:17.539] [DEBUG] cheese - null
[2020-07-05T22:13:28.160] [DEBUG] cheese - login => username:admin,password:123456
[2020-07-05T22:13:28.161] [DEBUG] cheese - admin
[2020-07-05T22:13:29.100] [DEBUG] cheese - null
[2020-07-05T22:13:29.100] [DEBUG] cheese - null
[2020-07-05T22:14:25.571] [DEBUG] cheese - login => username:admin,password:123456
[2020-07-05T22:14:25.571] [DEBUG] cheese - admin
[2020-07-05T22:14:25.599] [DEBUG] cheese - null
[2020-07-05T22:14:25.599] [DEBUG] cheese - null
[2020-07-05T22:15:47.414] [DEBUG] cheese - login => username:admin,password:123456
[2020-07-05T22:15:47.416] [DEBUG] cheese - admin
[2020-07-05T22:15:47.447] [DEBUG] cheese - null
[2020-07-05T22:15:47.448] [DEBUG] cheese - null
[2020-07-05T22:19:46.508] [DEBUG] cheese - login => username:admin,password:123456
[2020-07-05T22:19:46.508] [DEBUG] cheese - admin
[2020-07-05T22:19:46.624] [DEBUG] cheese - null
[2020-07-05T22:19:46.624] [DEBUG] cheese - null
[2020-07-05T22:20:04.277] [DEBUG] cheese - login => username:admindd,password:123456
[2020-07-05T22:20:04.277] [DEBUG] cheese - admindd
[2020-07-05T22:20:04.335] [DEBUG] cheese - null
[2020-07-05T22:20:04.335] [DEBUG] cheese - null
[2020-07-05T22:22:55.177] [DEBUG] cheese - login => username:admin,password:123456
[2020-07-05T22:22:55.177] [DEBUG] cheese - admin
[2020-07-05T22:22:55.345] [DEBUG] cheese - null
[2020-07-05T22:22:55.345] [DEBUG] cheese - null
[2020-07-05T22:25:00.292] [DEBUG] cheese - login => username:admin,password:123456
[2020-07-05T22:25:00.292] [DEBUG] cheese - admin
[2020-07-05T22:25:00.421] [DEBUG] cheese - null
[2020-07-05T22:25:00.421] [DEBUG] cheese - null
[2020-07-05T22:29:43.390] [DEBUG] cheese - login => username:admin,password:123456
[2020-07-05T22:29:43.390] [DEBUG] cheese - admin
[2020-07-05T22:29:43.473] [DEBUG] cheese - null
[2020-07-05T22:29:43.473] [DEBUG] cheese - null
[2020-07-05T22:44:03.105] [DEBUG] cheese - login => username:admin,password:123456
[2020-07-05T22:44:03.105] [DEBUG] cheese - admin
[2020-07-05T22:44:03.287] [DEBUG] cheese - null
[2020-07-05T22:44:03.287] [DEBUG] cheese - null
[2020-07-05T22:47:38.901] [DEBUG] cheese - login => username:admin,password:123456
[2020-07-05T22:47:38.901] [DEBUG] cheese - admin
[2020-07-05T22:47:38.980] [DEBUG] cheese - null
[2020-07-05T22:47:38.981] [DEBUG] cheese - null
[2020-07-05T22:47:41.184] [DEBUG] cheese - login => username:admin,password:123456
[2020-07-05T22:47:41.184] [DEBUG] cheese - admin
[2020-07-05T22:47:41.217] [DEBUG] cheese - null
[2020-07-05T22:47:41.217] [DEBUG] cheese - null
[2020-07-05T22:56:08.149] [DEBUG] cheese - login => username:admin,password:123456
[2020-07-05T22:56:08.149] [DEBUG] cheese - admin
[2020-07-05T22:56:08.301] [DEBUG] cheese - null
[2020-07-05T22:56:08.302] [DEBUG] cheese - null
[2020-07-05T23:13:35.490] [DEBUG] cheese - login => username:admin,password:123456
[2020-07-05T23:13:35.490] [DEBUG] cheese - admin
[2020-07-05T23:13:35.812] [DEBUG] cheese - null
[2020-07-05T23:13:35.812] [DEBUG] cheese - null
[2020-07-06T09:56:59.956] [DEBUG] cheese - login => username:admin,password:123456
[2020-07-06T09:56:59.957] [DEBUG] cheese - admin
[2020-07-06T09:57:00.072] [DEBUG] cheese - null
[2020-07-06T09:57:00.072] [DEBUG] cheese - null
[2020-07-06T10:11:15.511] [DEBUG] cheese - login => username:admin,password:123456
[2020-07-06T10:11:15.511] [DEBUG] cheese - admin
[2020-07-06T10:11:15.763] [DEBUG] cheese - null
[2020-07-06T10:11:15.763] [DEBUG] cheese - null
[2020-07-06T11:17:48.557] [DEBUG] cheese - login => username:admin,password:123456
[2020-07-06T11:17:48.558] [DEBUG] cheese - admin
[2020-07-06T11:17:48.880] [DEBUG] cheese - null
[2020-07-06T11:17:48.880] [DEBUG] cheese - null
[2020-07-06T13:20:43.846] [DEBUG] cheese - login => username:admin,password:123456
[2020-07-06T13:20:43.952] [DEBUG] cheese - admin
[2020-07-06T13:20:44.059] [DEBUG] cheese - null
[2020-07-06T13:20:44.059] [DEBUG] cheese - null
[2020-07-06T13:59:21.033] [DEBUG] cheese - login => username:admin,password:123456
[2020-07-06T13:59:21.137] [DEBUG] cheese - admin
[2020-07-06T13:59:21.177] [DEBUG] cheese - null
[2020-07-06T13:59:21.177] [DEBUG] cheese - null
[2020-07-06T15:00:00.387] [DEBUG] cheese - login => username:admin,password:123456
[2020-07-06T15:00:00.387] [DEBUG] cheese - admin
[2020-07-06T15:00:00.421] [DEBUG] cheese - null
[2020-07-06T15:00:00.422] [DEBUG] cheese - null
[2020-07-06T20:24:40.794] [DEBUG] cheese - login => username:admin,password:123456
[2020-07-06T20:24:40.796] [DEBUG] cheese - admin
[2020-07-06T20:24:40.894] [DEBUG] cheese - null
[2020-07-06T20:24:40.894] [DEBUG] cheese - null
[2020-07-07T09:56:48.270] [DEBUG] cheese - login => username:admin,password:123456
[2020-07-07T09:56:48.273] [DEBUG] cheese - admin
[2020-07-07T09:56:48.431] [DEBUG] cheese - null
[2020-07-07T09:56:48.432] [DEBUG] cheese - null
[2020-07-07T15:25:00.556] [DEBUG] cheese - null
[2020-07-07T15:28:06.575] [DEBUG] cheese - null
[2020-07-07T15:28:19.975] [DEBUG] cheese - null
[2020-07-07T15:34:22.654] [DEBUG] cheese - null
[2020-07-07T15:34:29.997] [DEBUG] cheese - null
[2020-07-07T19:44:37.451] [DEBUG] cheese - login => username:admin,password:123456
[2020-07-07T19:44:37.452] [DEBUG] cheese - admin
[2020-07-07T19:44:37.499] [DEBUG] cheese - null
[2020-07-07T19:44:37.499] [DEBUG] cheese - null
[2020-07-07T19:56:56.851] [DEBUG] cheese - login => username:admin,password:123456
[2020-07-07T19:56:56.852] [DEBUG] cheese - admin
[2020-07-07T19:56:56.860] [DEBUG] cheese - null
[2020-07-07T19:56:56.860] [DEBUG] cheese - null
[2020-07-07T21:01:05.304] [DEBUG] cheese - null
[2020-07-08T14:44:11.109] [DEBUG] cheese - login => username:admin,password:123456
[2020-07-08T14:44:11.110] [DEBUG] cheese - admin
[2020-07-08T14:44:11.134] [DEBUG] cheese - null
[2020-07-08T14:44:11.135] [DEBUG] cheese - null
[2020-07-11T10:14:05.042] [DEBUG] cheese - login => username:admin,password:123456
[2020-07-11T10:14:05.043] [DEBUG] cheese - admin
[2020-07-11T10:14:05.102] [DEBUG] cheese - null
[2020-07-11T10:14:05.103] [DEBUG] cheese - null
[2020-07-11T10:55:25.106] [DEBUG] cheese - login => username:admin,password:123456
[2020-07-11T10:55:25.108] [DEBUG] cheese - admin
[2020-07-11T10:55:25.134] [DEBUG] cheese - null
[2020-07-11T10:55:25.134] [DEBUG] cheese - null
[2020-07-11T20:04:55.890] [DEBUG] cheese - login => username:admin,password:123456
[2020-07-11T20:04:55.891] [DEBUG] cheese - admin
[2020-07-11T20:04:55.942] [DEBUG] cheese - null
[2020-07-11T20:04:55.943] [DEBUG] cheese - null
[2020-07-12T10:57:55.297] [DEBUG] cheese - login => username:admin,password:123456
[2020-07-12T10:57:55.298] [DEBUG] cheese - admin
[2020-07-12T10:57:55.377] [DEBUG] cheese - null
[2020-07-12T10:57:55.378] [DEBUG] cheese - null
[2020-07-12T21:09:57.777] [DEBUG] cheese - login => username:admin,password:123456
[2020-07-12T21:09:57.778] [DEBUG] cheese - admin
[2020-07-12T21:09:57.831] [DEBUG] cheese - null
[2020-07-12T21:09:57.832] [DEBUG] cheese - null
[2020-07-13T10:08:16.737] [DEBUG] cheese - login => username:admin,password:123456
[2020-07-13T10:08:16.738] [DEBUG] cheese - admin
[2020-07-13T10:08:16.783] [DEBUG] cheese - null
[2020-07-13T10:08:16.784] [DEBUG] cheese - null
[2020-07-13T11:06:47.503] [DEBUG] cheese - login => username:admin,password:123456
[2020-07-13T11:06:47.503] [DEBUG] cheese - admin
[2020-07-13T11:06:47.599] [DEBUG] cheese - null
[2020-07-13T11:06:47.599] [DEBUG] cheese - null
[2020-07-13T12:58:46.846] [DEBUG] cheese - login => username:admin,password:123456
[2020-07-13T12:58:46.847] [DEBUG] cheese - admin
[2020-07-13T12:58:46.977] [DEBUG] cheese - null
[2020-07-13T12:58:46.977] [DEBUG] cheese - null
[2020-07-13T13:11:03.723] [DEBUG] cheese - login => username:admin,password:123456
[2020-07-13T13:11:03.724] [DEBUG] cheese - admin
[2020-07-13T13:11:03.772] [DEBUG] cheese - null
[2020-07-13T13:11:03.774] [DEBUG] cheese - null
[2020-07-21T10:53:57.700] [DEBUG] cheese - login => username:admin,password:123456
[2020-07-21T10:53:57.701] [DEBUG] cheese - admin
[2020-07-21T10:53:57.758] [DEBUG] cheese - null
[2020-07-21T10:53:57.758] [DEBUG] cheese - null
